<?xml version="1.0" encoding="UTF-8"?>
<!-- Generated by org.testng.reporters.JUnitReportReporter -->
<testsuite hostname="DESKTOP-FODCQ2C" failures="0" tests="1" name="com.crm.SalesOrganisation.CreateEditDeleteOrganisationTest" time="25.863" errors="0" timestamp="2023-02-07T11:47:27 IST" skipped="0">
  <testcase classname="com.crm.SalesOrganisation.CreateEditDeleteOrganisationTest" name="createEditDeleteTest" time="25.863"/>
  <system-out>
    <![CDATA[Organisation is created
Organisation is edited successfully
Organisation is deleted successfully]]>
  </system-out>
</testsuite> <!-- com.crm.SalesOrganisation.CreateEditDeleteOrganisationTest -->
