<?xml version="1.0" encoding="UTF-8"?>
<!-- Generated by org.testng.reporters.JUnitReportReporter -->
<testsuite hostname="DESKTOP-FODCQ2C" failures="0" tests="1" name="com.crm.SupportTickets.AddEditDeleteTicket" time="28.500" errors="0" timestamp="2023-02-07T11:47:27 IST" skipped="0">
  <testcase classname="com.crm.SupportTickets.AddEditDeleteTicket" name="addEditDeleteTicket" time="28.500"/>
  <system-out>
    <![CDATA[Ticket is created
Ticket is edited
Ticket is deleted]]>
  </system-out>
</testsuite> <!-- com.crm.SupportTickets.AddEditDeleteTicket -->
